<?xml version="1.0" encoding="UTF-8"?>
<!-- Generated by org.testng.reporters.JUnitReportReporter -->
<testsuite hostname="Sagars-MacBook-Air.local" failures="0" tests="3" name="com.hero.testkuapp.sample_Project.ChromeInitiationTest" time="6.011" errors="0" timestamp="2022-12-09T21:29:38 IST" skipped="2">
  <testcase classname="com.hero.testkuapp.sample_Project.ChromeInitiationTest" name="findBrokenImages" time="6.011"/>
  <system-out/>
  <testcase classname="com.hero.testkuapp.sample_Project.ChromeInitiationTest" name="clickOnElement">
    <skipped/>
  </testcase> <!-- clickOnElement -->
  <system-out/>
  <testcase classname="com.hero.testkuapp.sample_Project.ChromeInitiationTest" name="valiadteAuthentication">
    <skipped/>
  </testcase> <!-- valiadteAuthentication -->
  <system-out/>
</testsuite> <!-- com.hero.testkuapp.sample_Project.ChromeInitiationTest -->
