<?xml version="1.0" encoding="UTF-8"?>
<!-- Generated by org.testng.reporters.JUnitReportReporter -->
<testsuite hostname="Sagars-MacBook-Air.local" failures="0" tests="6" name="com.hero.testkuapp.sample_Project.DayTwoTaskTest" time="4.166" errors="0" timestamp="2022-12-10T15:45:15 IST" skipped="5">
  <testcase classname="com.hero.testkuapp.sample_Project.DayTwoTaskTest" name="downloadTheFile" time="4.166"/>
  <system-out/>
  <testcase classname="com.hero.testkuapp.sample_Project.DayTwoTaskTest" name="validateCheckBox">
    <skipped/>
  </testcase> <!-- validateCheckBox -->
  <system-out/>
  <testcase classname="com.hero.testkuapp.sample_Project.DayTwoTaskTest" name="selectValidOption">
    <skipped/>
  </testcase> <!-- selectValidOption -->
  <system-out/>
  <testcase classname="com.hero.testkuapp.sample_Project.DayTwoTaskTest" name="closeEntryAdd">
    <skipped/>
  </testcase> <!-- closeEntryAdd -->
  <system-out/>
  <testcase classname="com.hero.testkuapp.sample_Project.DayTwoTaskTest" name="getJavaScriptAlert">
    <skipped/>
  </testcase> <!-- getJavaScriptAlert -->
  <system-out/>
  <testcase classname="com.hero.testkuapp.sample_Project.DayTwoTaskTest" name="validateDragAndDrop">
    <skipped/>
  </testcase> <!-- validateDragAndDrop -->
  <system-out/>
</testsuite> <!-- com.hero.testkuapp.sample_Project.DayTwoTaskTest -->
